 1    1     8        141
 1    1     9        187
 1    1     10        219
 1    1     14        280
 1    1     16        240
 1    1     19        159
 1    1     21        63
 1    1     22        299
 1    1     24        221
 1    1     25        85
 1    1     27        183
 1    1     30        209
 1    1     31        63
 1    1     32        227
 1    1     34        163
 1    1     39        96
 1    1     41        80
 1    1     42        203
 1    1     43        58
 1    1     48        259
 1    1     53        266
 1    1     54        214
 1    1     56        93
 1    1     57        191
 1    1     62        175
 1    1     64        123
 1    1     66        186
 1    1     67        132
 1    1     69        193
 1    1     76        137
 1    1     77        178
 1    1     78        154
 1    1     79        182
 1    1     80        170
 1    1     81        126
 1    1     86        123
 1    1     88        181
 1    1     95        157
 1    1     110        117
 1    1     111        195
 1    1     113        108
 1    1     115        194
 1    1     117        188
 1    1     118        137
 1    1     119        176
 1    1     123        110
 1    1     124        175
 1    1     125        126
 1    1     126        193
 1    1     127        121
 1    1     131        141
 1    1     133        144
 1    1     138        53
 1    1     140        98
 1    1     141        60
 1    1     148        117
 1    1     149        131
 1    1     150        113
 1    1     152        142
 1    1     154        79
 1    1     156        88
 1    1     159        86
 1    1     160        91
 1    1     161        56
 1    1     162        127
 1    1     163        94
 1    1     164        110
 1    1     168        81
 1    1     170        137
 1    1     171        85
 1    1     179        70
 1    1     186        55
 1    1     190        71
 1    1     193        58
 1    1     194        70
 1    1     195        94
 1    1     198        78
 1    1     199        133
 1    2     2        241
 1    2     4        213
 1    2     6        252
 1    2     7        242
 1    2     11        166
 1    2     12        275
 1    2     18        190
 1    2     23        284
 1    2     26        138
 1    2     33        121
 1    2     35        201
 1    2     36        129
 1    2     37        274
 1    2     49        230
 1    2     50        282
 1    2     51        187
 1    2     52        82
 1    2     55        147
 1    2     58        217
 1    2     59        83
 1    2     60        259
 1    2     61        156
 1    2     63        139
 1    2     65        197
 1    2     68        117
 1    2     71        165
 1    2     74        189
 1    2     82        117
 1    2     83        101
 1    2     84        152
 1    2     85        154
 1    2     87        118
 1    2     90        157
 1    2     91        133
 1    2     98        176
 1    2     99        150
 1    2     100        155
 1    2     101        117
 1    2     103        161
 1    2     106        190
 1    2     108        185
 1    2     112        137
 1    2     120        155
 1    2     121        136
 1    2     122        136
 1    2     128        162
 1    2     129        132
 1    2     132        98
 1    2     136        117
 1    2     137        129
 1    2     142        61
 1    2     144        65
 1    2     145        93
 1    2     146        132
 1    2     151        52
 1    2     153        68
 1    2     155        98
 1    2     157        108
 1    2     158        67
 1    2     165        143
 1    2     167        98
 1    2     172        57
 1    2     173        135
 1    2     174        86
 1    2     176        67
 1    2     177        135
 1    2     181        54
 1    2     182        136
 1    2     183        126
 1    2     184        77
 1    2     185        87
 1    2     187        97
 1    2     191        148
 1    2     192        119
 1    2     196        74
 1    2     201        68
 1    3     3        219
 1    3     5        288
 1    3     13        165
 1    3     15        285
 1    3     17        121
 1    3     20        226
 1    3     28        265
 1    3     29        208
 1    3     38        114
 1    3     40        268
 1    3     44        228
 1    3     45        92
 1    3     46        108
 1    3     47        185
 1    3     70        192
 1    3     72        114
 1    3     73        141
 1    3     75        117
 1    3     89        166
 1    3     92        159
 1    3     93        115
 1    3     94        179
 1    3     96        176
 1    3     97        169
 1    3     102        146
 1    3     104        113
 1    3     105        100
 1    3     107        153
 1    3     109        113
 1    3     114        164
 1    3     116        155
 1    3     130        123
 1    3     134        129
 1    3     135        92
 1    3     139        65
 1    3     143        113
 1    3     147        65
 1    3     166        115
 1    3     169        71
 1    3     175        75
 1    3     178        119
 1    3     180        65
 1    3     188        137
 1    3     189        128
 1    3     197        98
 1    3     200        98
 2    1     3        845
 2    1     8        1125
 2    1     17        748
 2    1     31        1328
 2    1     35        534
 2    1     84        1145
 2    1     110        848
 2    1     119        932
 2    1     124        819
 2    1     171        1050
 2    1     175        600
 2    1     181        462
 2    1     186        582
 2    1     187        982
 2    2     5        1025
 2    2     15        767
 2    2     40        730
 2    2     46        1359
 2    2     70        854
 2    2     92        994
 2    2     94        1188
 2    2     107        922
 2    2     109        706
 2    2     135        531
 2    2     165        505
 2    2     169        929
 2    2     180        449
 2    2     189        1041
 2    3     16        1275
 2    3     34        1219
 2    3     43        683
 2    3     56        1103
 2    3     59        616
 2    3     67        972
 2    3     69        853
 2    3     79        919
 2    3     118        942
 2    3     140        459
 2    3     141        485
 2    3     154        547
 2    3     164        939
 2    3     198        988
 2    4     9        765
 2    4     21        739
 2    4     25        641
 2    4     53        688
 2    4     57        508
 2    4     86        993
 2    4     95        731
 2    4     103        775
 2    4     115        704
 2    4     126        991
 2    4     152        538
 2    4     156        962
 2    4     161        480
 2    4     170        444
 2    4     190        531
 2    4     195        510
 2    4     199        1000
 2    5     4        1442
 2    5     10        650
 2    5     14        527
 2    5     22        546
 2    5     30        672
 2    5     39        931
 2    5     54        961
 2    5     55        1063
 2    5     77        932
 2    5     90        853
 2    5     91        1000
 2    5     113        689
 2    5     123        872
 2    5     159        468
 2    5     173        394
 2    6     19        1244
 2    6     27        1210
 2    6     48        632
 2    6     62        749
 2    6     63        905
 2    6     68        956
 2    6     74        1162
 2    6     76        729
 2    6     125        930
 2    6     131        909
 2    6     138        428
 2    6     149        566
 2    6     155        548
 2    6     179        492
 2    6     193        540
 2    7     12        562
 2    7     18        1283
 2    7     49        421
 2    7     66        776
 2    7     71        800
 2    7     78        878
 2    7     111        825
 2    7     120        933
 2    7     137        608
 2    7     142        567
 2    7     144        973
 2    7     148        573
 2    7     160        409
 2    7     163        484
 2    7     172        450
 2    7     177        530
 2    7     194        928
 2    8     2        1094
 2    8     24        633
 2    8     52        885
 2    8     58        711
 2    8     64        993
 2    8     73        853
 2    8     80        804
 2    8     88        853
 2    8     93        927
 2    8     117        1082
 2    8     121        773
 2    8     127        881
 2    8     139        438
 2    8     143        550
 2    8     183        523
 2    9     7        681
 2    9     36        681
 2    9     37        584
 2    9     50        755
 2    9     60        787
 2    9     61        582
 2    9     65        801
 2    9     82        985
 2    9     98        838
 2    9     122        939
 2    9     128        880
 2    9     136        878
 2    9     145        897
 2    9     153        401
 2    9     174        409
 2    9     185        456
 2    9     191        446
 2    10     6        749
 2    10     13        520
 2    10     85        812
 2    10     87        758
 2    10     99        838
 2    10     100        840
 2    10     101        926
 2    10     108        797
 2    10     112        974
 2    10     116        745
 2    10     133        422
 2    10     158        522
 2    10     167        566
 2    10     176        576
 2    10     192        1098
 2    10     196        857
 2    11     20        572
 2    11     23        750
 2    11     26        692
 2    11     29        684
 2    11     33        999
 2    11     72        821
 2    11     83        795
 2    11     102        747
 2    11     106        776
 2    11     130        1000
 2    11     134        534
 2    11     146        939
 2    11     184        439
 2    11     188        512
 2    11     197        670
 2    11     201        1070
 2    12     28        1271
 2    12     38        546
 2    12     45        743
 2    12     47        876
 2    12     51        1012
 2    12     75        747
 2    12     89        959
 2    12     96        781
 2    12     97        830
 2    12     104        945
 2    12     105        859
 2    12     132        479
 2    12     147        504
 2    12     166        530
 2    12     178        918
 2    13     11        635
 2    13     32        1189
 2    13     41        624
 2    13     42        461
 2    13     44        1589
 2    13     81        817
 2    13     114        779
 2    13     129        662
 2    13     150        972
 2    13     151        519
 2    13     157        1285
 2    13     162        438
 2    13     168        979
 2    13     182        518
 2    13     200        533
 6    1     35        1002
 6    1     42        1350
 6    1     77        1331
 6    1     81        1320
 6    1     110        1238
 6    1     113        1154
 6    1     119        1069
 6    1     124        1301
 6    1     162        1334
 6    1     181        421
 6    1     186        480
 6    2     3        386
 6    2     5        379
 6    2     15        373
 6    2     17        544
 6    2     70        1202
 6    2     83        1383
 6    2     92        1133
 6    2     107        1221
 6    2     109        1320
 6    2     129        1210
 6    2     135        1200
 6    2     165        457
 6    2     175        380
 6    2     180        431
 6    2     182        381
 6    3     43        936
 6    3     67        1089
 6    3     69        1449
 6    3     79        1400
 6    3     84        932
 6    3     103        1260
 6    3     118        1364
 6    3     140        1314
 6    3     141        1244
 6    3     154        431
 6    3     190        581
 6    4     9        533
 6    4     21        734
 6    4     25        1308
 6    4     53        952
 6    4     57        468
 6    4     59        967
 6    4     86        1307
 6    4     95        1218
 6    4     115        1281
 6    4     126        1139
 6    4     152        971
 6    4     161        441
 6    4     170        382
 6    4     195        299
 6    5     10        829
 6    5     14        1084
 6    5     22        980
 6    5     30        378
 6    5     32        470
 6    5     39        972
 6    5     41        796
 6    5     54        1138
 6    5     90        1082
 6    5     123        1078
 6    5     142        1387
 6    5     159        531
 6    5     173        1275
 6    6     48        1306
 6    6     62        1137
 6    6     63        1120
 6    6     125        1492
 6    6     128        1176
 6    6     131        1306
 6    6     137        436
 6    6     138        436
 6    6     149        397
 6    6     155        479
 6    6     179        1345
 6    6     193        1370
 6    7     12        686
 6    7     49        1097
 6    7     66        1116
 6    7     71        1002
 6    7     78        1112
 6    7     91        1147
 6    7     111        1394
 6    7     120        1336
 6    7     148        488
 6    7     160        475
 6    7     163        1283
 6    7     172        392
 6    7     177        472
 6    8     6        611
 6    8     24        494
 6    8     44        4
 6    8     52        593
 6    8     64        1221
 6    8     68        1401
 6    8     80        1237
 6    8     88        1225
 6    8     108        1206
 6    8     121        1340
 6    8     127        1309
 6    8     133        453
 6    8     167        477
 6    8     183        429
 6    9     7        787
 6    9     36        1013
 6    9     37        1042
 6    9     50        627
 6    9     60        1068
 6    9     61        488
 6    9     65        1357
 6    9     82        1117
 6    9     98        1327
 6    9     122        1368
 6    9     153        510
 6    9     174        442
 6    9     185        434
 6    9     191        420
 6    10     74        796
 6    10     76        1150
 6    10     85        959
 6    10     87        1270
 6    10     99        1346
 6    10     100        1254
 6    10     101        1151
 6    10     112        1109
 6    10     117        1140
 6    10     158        546
 6    10     176        1279
 6    11     13        554
 6    11     20        783
 6    11     29        787
 6    11     58        1535
 6    11     72        1125
 6    11     93        1146
 6    11     102        1435
 6    11     106        1255
 6    11     116        1436
 6    11     130        1021
 6    11     134        495
 6    11     184        428
 6    12     23        1261
 6    12     26        1043
 6    12     45        828
 6    12     47        907
 6    12     75        1146
 6    12     89        1016
 6    12     96        1125
 6    12     104        1180
 6    12     105        989
 6    12     132        392
 6    12     147        509
 6    12     166        328
 6    12     188        511
 6    12     197        765
 6    13     11        1041
 6    13     38        727
 6    13     40        537
 6    13     73        1170
 6    13     94        1003
 6    13     97        1439
 6    13     114        1227
 6    13     139        1115
 6    13     143        1313
 6    13     151        1121
 6    13     200        1307
 9    1     8        645
 9    1     31        557
 9    1     77        1337
 9    1     84        1212
 9    1     113        1376
 9    1     119        1443
 9    1     124        1012
 9    1     171        1274
 9    1     172        1188
 9    1     181        962
 9    1     187        994
 9    2     3        528
 9    2     5        296
 9    2     15        453
 9    2     17        587
 9    2     70        1218
 9    2     73        1403
 9    2     92        1354
 9    2     107        1224
 9    2     109        1472
 9    2     110        1381
 9    2     182        1216
 9    2     186        868
 9    3     16        409
 9    3     34        497
 9    3     67        1212
 9    3     69        955
 9    3     103        1387
 9    3     118        1021
 9    3     126        1314
 9    3     154        1015
 9    3     161        1102
 9    3     170        1088
 9    3     190        945
 9    3     199        1055
 9    4     9        1093
 9    4     56        902
 9    4     57        546
 9    4     79        823
 9    4     86        985
 9    4     95        1398
 9    4     115        1149
 9    4     140        250
 9    4     152        559
 9    4     156        1029
 9    4     164        1016
 9    4     195        1238
 9    4     198        1012
 9    5     4        941
 9    5     30        496
 9    5     55        473
 9    5     62        1480
 9    5     81        1244
 9    5     90        1371
 9    5     91        1454
 9    5     123        1324
 9    5     150        947
 9    5     159        1152
 9    5     162        178
 9    5     168        940
 9    6     19        433
 9    6     27        1483
 9    6     63        1243
 9    6     64        1120
 9    6     71        1343
 9    6     88        1089
 9    6     131        1364
 9    6     137        658
 9    6     138        1117
 9    6     142        32
 9    6     149        1084
 9    6     155        1034
 9    7     12        667
 9    7     18        1176
 9    7     66        1095
 9    7     78        1046
 9    7     111        1256
 9    7     120        1277
 9    7     144        1118
 9    7     148        1122
 9    7     160        1063
 9    7     173        113
 9    7     177        1072
 9    7     194        995
 9    8     2        842
 9    8     13        525
 9    8     24        485
 9    8     44        1168
 9    8     52        519
 9    8     93        1338
 9    8     116        1085
 9    8     117        1228
 9    8     121        1162
 9    8     127        1334
 9    8     139        292
 9    8     143        66
 9    8     167        965
 9    8     183        991
 9    9     50        965
 9    9     61        412
 9    9     65        458
 9    9     82        1033
 9    9     98        1115
 9    9     112        323
 9    9     122        1273
 9    9     125        253
 9    9     128        356
 9    9     136        1174
 9    9     145        986
 9    9     153        835
 9    9     174        989
 9    9     185        820
 9    9     191        1008
 9    10     6        494
 9    10     68        1221
 9    10     74        1033
 9    10     76        404
 9    10     80        305
 9    10     85        459
 9    10     87        430
 9    10     99        1053
 9    10     100        1344
 9    10     101        1207
 9    10     108        1233
 9    10     133        822
 9    10     158        978
 9    10     196        1017
 9    11     33        483
 9    11     72        1347
 9    11     102        1326
 9    11     106        1313
 9    11     130        1300
 9    11     134        965
 9    11     146        1008
 9    11     151        63
 9    11     157        620
 9    11     184        1219
 9    11     188        990
 9    11     201        1366
 9    12     51        544
 9    12     75        1241
 9    12     89        1278
 9    12     96        1309
 9    12     104        1147
 9    12     105        1173
 9    12     114        1187
 9    12     132        1067
 9    12     147        1030
 9    12     166        1011
 9    12     178        1013
 9    13     40        813
 9    13     46        612
 9    13     83        1157
 9    13     94        1432
 9    13     97        1382
 9    13     129        1272
 9    13     165        814
 9    13     169        857
 9    13     175        1301
 9    13     180        1086
 9    13     189        1274
 10    1     65        1198
 10    1     72        12
 10    1     76        691
 10    1     80        1023
 10    1     85        1097
 10    1     87        819
 10    1     94        35
 10    1     102        133
 10    1     109        9
 10    1     112        1343
 10    1     119        29
 10    1     125        788
 10    1     127        5
 10    1     128        1055
 10    1     130        272
 10    1     192        633
 10    1     193        76
 10    1     197        610
 13    1     8        1478
 13    1     31        544
 13    1     35        1068
 13    1     84        573
 13    1     119        447
 13    1     124        336
 13    1     171        1463
 13    1     181        1638
 13    1     186        1459
 13    1     187        1539
 13    1     190        1455
 13    2     3        511
 13    2     5        793
 13    2     15        1079
 13    2     17        384
 13    2     70        519
 13    2     107        445
 13    2     129        518
 13    2     135        1497
 13    2     165        1435
 13    2     175        1565
 13    2     180        1658
 13    2     182        1596
 13    3     34        549
 13    3     43        462
 13    3     69        516
 13    3     103        516
 13    3     140        1432
 13    3     141        1591
 13    3     154        1378
 13    3     170        1366
 13    3     172        1384
 13    3     198        1417
 13    3     199        1389
 13    4     16        482
 13    4     53        1329
 13    4     57        335
 13    4     67        629
 13    4     79        378
 13    4     86        183
 13    4     95        285
 13    4     115        533
 13    4     118        368
 13    4     152        1498
 13    4     156        1374
 13    4     161        1610
 13    4     164        1446
 13    4     195        1550
 13    5     10        574
 13    5     14        532
 13    5     22        635
 13    5     30        881
 13    5     32        502
 13    5     39        593
 13    5     41        548
 13    5     42        332
 13    5     54        515
 13    5     77        253
 13    5     90        501
 13    5     142        1425
 13    5     150        1479
 13    5     159        1582
 13    5     173        1648
 13    6     12        644
 13    6     19        1221
 13    6     55        545
 13    6     63        240
 13    6     91        440
 13    6     113        96
 13    6     120        463
 13    6     123        224
 13    6     125        409
 13    6     138        1575
 13    6     149        1428
 13    6     155        1458
 13    6     177        1570
 13    6     193        1687
 13    7     21        1299
 13    7     49        458
 13    7     59        396
 13    7     66        498
 13    7     78        503
 13    7     111        286
 13    7     137        1279
 13    7     144        1420
 13    7     148        1455
 13    7     160        1497
 13    7     163        1303
 13    7     194        1606
 13    8     13        582
 13    8     24        1411
 13    8     52        1189
 13    8     80        497
 13    8     93        278
 13    8     106        565
 13    8     110        192
 13    8     116        422
 13    8     117        493
 13    8     121        280
 13    8     134        1544
 13    8     157        1464
 13    8     167        1559
 13    8     183        1524
 13    9     7        1335
 13    9     37        552
 13    9     61        507
 13    9     82        335
 13    9     98        164
 13    9     122        452
 13    9     136        1354
 13    9     145        1416
 13    9     153        1276
 13    9     174        1467
 13    9     185        1563
 13    9     191        1579
 13    10     6        387
 13    10     44        60
 13    10     62        61
 13    10     64        267
 13    10     68        515
 13    10     74        204
 13    10     76        477
 13    10     87        468
 13    10     88        198
 13    10     99        245
 13    10     100        314
 13    10     108        437
 13    10     127        164
 13    10     133        1292
 13    10     158        1241
 13    10     176        1479
 13    10     179        1499
 13    10     192        1377
 13    10     196        1315
 13    11     20        1343
 13    11     23        578
 13    11     26        500
 13    11     29        626
 13    11     33        426
 13    11     75        401
 13    11     83        209
 13    11     96        521
 13    11     132        1356
 13    11     146        1608
 13    11     184        1392
 13    11     188        1465
 13    11     197        1575
 13    12     28        1463
 13    12     38        619
 13    12     45        1481
 13    12     46        260
 13    12     47        399
 13    12     51        494
 13    12     89        227
 13    12     94        361
 13    12     97        452
 13    12     104        304
 13    12     105        312
 13    12     147        1388
 13    12     166        1479
 13    12     178        1388
 13    12     189        1373
 13    13     11        888
 13    13     81        320
 13    13     92        180
 13    13     109        247
 13    13     114        375
 13    13     139        1509
 13    13     143        1505
 13    13     151        1336
 13    13     162        1176
 13    13     168        1225
 13    13     169        1555
 13    13     200        1684
 14    1     36        501
 14    1     45        50
 14    1     50        994
 14    1     60        1215
 14    1     71        414
 14    1     101        491
 14    1     126        436
 14    1     128        403
 14    1     131        198
 14    1     134        106
 14    1     135        192
 14    1     139        128
 14    1     141        135
 14    1     143        75
 14    1     144        28
 14    1     146        32
 14    1     148        42
 14    1     149        3
 14    1     150        22
 14    1     156        346
 14    1     161        38
 14    1     165        86
 14    1     166        165
 14    1     167        204
 14    1     173        1
 14    1     176        246
 14    1     177        72
 14    1     183        17
 14    1     185        65
 14    1     188        21
 14    1     193        189
 14    1     201        960
 17    1     9        912
 17    1     16        844
 17    1     25        990
 17    1     35        270
 17    1     43        666
 17    1     56        940
 17    1     57        951
 17    1     86        242
 17    1     95        154
 17    1     152        1584
 17    1     156        1539
 17    1     164        1328
 17    1     195        1580
 17    2     34        1090
 17    2     49        999
 17    2     59        733
 17    2     140        1560
 17    2     141        1594
 17    2     154        1394
 17    2     170        1604
 17    2     198        1521
 17    2     199        1505
 17    3     8        178
 17    3     18        1012
 17    3     30        576
 17    3     111        210
 17    3     113        273
 17    3     123        183
 17    3     137        1551
 17    3     144        1626
 17    3     148        1559
 17    3     160        1678
 17    3     163        1602
 17    3     194        1552
 17    4     31        935
 17    4     124        244
 17    4     161        1578
 17    4     171        1645
 17    4     172        1582
 17    4     181        1470
 17    4     186        1359
 17    4     187        1571
 17    4     190        1616
 17    5     10        779
 17    5     14        905
 17    5     22        820
 17    5     32        770
 17    5     39        932
 17    5     54        1096
 17    5     77        290
 17    5     142        1655
 17    5     150        1620
 17    5     159        1593
 17    5     173        1540
 17    6     4        920
 17    6     12        970
 17    6     48        787
 17    6     55        900
 17    6     62        154
 17    6     63        234
 17    6     131        232
 17    6     138        1465
 17    6     149        1603
 17    6     155        1582
 17    6     177        1476
 17    6     193        1677
 17    7     6        850
 17    7     24        180
 17    7     44        965
 17    7     74        247
 17    7     99        163
 17    7     100        277
 17    7     133        1418
 17    7     158        1595
 17    7     176        1501
 17    7     179        1601
 17    7     192        1601
 17    7     196        1602
 17    8     37        937
 17    8     61        988
 17    8     82        230
 17    8     98        259
 17    8     136        1548
 17    8     145        1525
 17    8     153        1619
 17    8     174        1559
 17    8     185        1645
 17    8     191        1690
 17    9     2        888
 17    9     13        894
 17    9     58        931
 17    9     64        237
 17    9     73        158
 17    9     88        247
 17    9     93        254
 17    9     110        201
 17    9     121        181
 17    9     127        299
 17    9     134        1607
 17    9     139        1512
 17    9     167        1563
 17    9     183        1601
 17    9     200        1427
 17    10     3        835
 17    10     5        799
 17    10     17        851
 17    10     40        727
 17    10     46        790
 17    10     135        1587
 17    10     165        1654
 17    10     175        1531
 17    10     182        1509
 17    10     189        1699
 17    11     38        984
 17    11     47        932
 17    11     51        872
 17    11     89        222
 17    11     92        236
 17    11     94        47
 17    11     104        223
 17    11     105        248
 17    11     109        313
 17    11     132        1607
 17    11     147        1580
 17    11     166        1539
 17    11     169        1674
 17    11     178        1523
 17    12     11        392
 17    12     23        929
 17    12     26        945
 17    12     29        910
 17    12     33        871
 17    12     72        249
 17    12     83        198
 17    12     146        1634
 17    12     184        1297
 17    12     188        1485
 17    12     197        1580
 17    12     201        1510
 17    13     15        408
 17    13     41        952
 17    13     42        932
 17    13     81        213
 17    13     143        1544
 17    13     151        1678
 17    13     157        1584
 17    13     162        1566
 17    13     168        1600
 17    13     180        1523
 18    1     27        588
 18    1     28        137
 18    1     36        577
 18    1     132        70
 18    1     137        140
 18    1     139        85
 18    1     140        5
 18    1     141        49
 18    1     143        1
 18    1     145        145
 18    1     146        91
 18    1     149        25
 18    1     151        41
 18    1     153        65
 18    1     158        33
 18    1     159        47
 18    1     160        51
 18    1     161        84
 18    1     165        28
 18    1     167        195
 18    1     170        169
 18    1     171        36
 18    1     172        33
 18    1     173        24
 18    1     175        15
 18    1     176        27
 18    1     178        39
 18    1     179        31
 18    1     180        98
 18    1     182        5
 18    1     183        80
 18    1     189        27
 18    1     190        107
 18    1     191        253
 18    1     194        107
 18    1     197        181
 18    1     198        205
 18    1     200        82
99
600000.
21679.
0.
1178.
830211.
24794
